ProGuard, version 6.0.3
ProGuard is released under the GNU General Public License. You therefore
must ensure that programs that link to it (a, com.a4455jkjh.b, ...)
carry the GNU General Public License as well. Alternatively, you can
apply for an exception with the author of ProGuard.
Reading input...
Reading program directory [/storage/emulated/0/AppProjects/termux-app/app/build/bin/classesrelease_proguard]
Reading program jar [/data/data/com.aide.ui/no_backup/.aide/maven/androidx/viewpager/viewpager/1.0.0/viewpager-1.0.0.tmp.jar]
Reading program jar [/data/data/com.aide.ui/no_backup/.aide/maven/androidx/versionedparcelable/versionedparcelable/1.0.0/versionedparcelable-1.0.0.tmp.jar]
Reading program jar [/data/data/com.aide.ui/no_backup/.aide/maven/androidx/annotation/annotation/1.0.0/annotation-1.0.0.jar]
Reading program jar [/data/data/com.aide.ui/no_backup/.aide/maven/androidx/drawerlayout/drawerlayout/1.0.0/drawerlayout-1.0.0.tmp.jar]
Reading program jar [/data/data/com.aide.ui/no_backup/.aide/maven/androidx/customview/customview/1.0.0/customview-1.0.0.tmp.jar]
Reading program jar [/data/data/com.aide.ui/no_backup/.aide/maven/androidx/lifecycle/lifecycle-common/2.0.0/lifecycle-common-2.0.0.jar]
Reading program jar [/data/data/com.aide.ui/no_backup/.aide/maven/androidx/lifecycle/lifecycle-runtime/2.0.0/lifecycle-runtime-2.0.0.tmp.jar]
Reading program jar [/data/data/com.aide.ui/no_backup/.aide/maven/androidx/core/core/1.0.0/core-1.0.0.tmp.jar]
Reading program jar [/data/data/com.aide.ui/no_backup/.aide/maven/androidx/arch/core/core-common/2.0.0/core-common-2.0.0.jar]
Reading program jar [/data/data/com.aide.ui/no_backup/.aide/maven/androidx/collection/collection/1.0.0/collection-1.0.0.jar]
Reading library jar [/data/data/com.aide.ui/no_backup/.aide/android.jar]
Initializing...
Note: the configuration refers to the unknown class 'com.google.vending.licensing.ILicensingService'
Note: the configuration refers to the unknown class 'com.android.vending.licensing.ILicensingService'
Note: the configuration refers to the unknown class 'android.support.annotation.Keep'
      Maybe you meant the fully qualified name 'androidx.annotation.Keep'?
Note: the configuration refers to the unknown class 'android.support.annotation.Keep'
      Maybe you meant the fully qualified name 'androidx.annotation.Keep'?
Note: the configuration refers to the unknown class 'android.support.annotation.Keep'
      Maybe you meant the fully qualified name 'androidx.annotation.Keep'?
Note: the configuration refers to the unknown class 'android.support.annotation.Keep'
      Maybe you meant the fully qualified name 'androidx.annotation.Keep'?
Note: the configuration refers to the unknown class 'android.support.annotation.Keep'
      Maybe you meant the fully qualified name 'androidx.annotation.Keep'?
Note: androidx.core.app.NotificationCompatJellybean calls 'Field.getType'
Warning: androidx.core.app.AppComponentFactory: can't find superclass or interface android.app.AppComponentFactory
Warning: androidx.core.app.CoreComponentFactory: can't find superclass or interface android.app.AppComponentFactory
Warning: androidx.core.view.ViewCompat$OnUnhandledKeyEventListenerWrapper: can't find superclass or interface android.view.View$OnUnhandledKeyEventListener
Warning: androidx.core.app.ActivityCompat: can't find referenced method 'android.view.View requireViewById(int)' in library class android.app.Activity
Warning: androidx.core.app.AppComponentFactory: can't find referenced class android.app.AppComponentFactory
Warning: androidx.core.app.AppComponentFactory: can't find referenced class android.app.AppComponentFactory
Warning: androidx.core.app.CoreComponentFactory: can't find referenced class android.app.AppComponentFactory
Warning: androidx.core.app.CoreComponentFactory: can't find referenced class android.app.AppComponentFactory
Warning: androidx.core.app.CoreComponentFactory: can't find referenced class android.app.AppComponentFactory
Warning: androidx.core.app.CoreComponentFactory: can't find referenced class android.app.AppComponentFactory
Warning: androidx.core.app.CoreComponentFactory: can't find referenced class android.app.AppComponentFactory
Warning: androidx.core.app.CoreComponentFactory: can't find referenced class android.app.AppComponentFactory
Warning: androidx.core.app.CoreComponentFactory: can't find referenced class android.app.AppComponentFactory
Warning: androidx.core.app.NotificationCompat: can't find referenced method 'int getSemanticAction()' in library class android.app.Notification$Action
Warning: androidx.core.app.NotificationCompat$MessagingStyle: can't find referenced method 'Notification$MessagingStyle(android.app.Person)' in library class android.app.Notification$MessagingStyle
Warning: androidx.core.app.NotificationCompat$MessagingStyle: can't find referenced method 'android.app.Notification$MessagingStyle setGroupConversation(boolean)' in library class android.app.Notification$MessagingStyle
Warning: androidx.core.app.NotificationCompat$MessagingStyle: can't find referenced method 'Notification$MessagingStyle$Message(java.lang.CharSequence,long,android.app.Person)' in library class android.app.Notification$MessagingStyle$Message
Warning: androidx.core.app.NotificationCompat$MessagingStyle: can't find referenced class android.app.Person
Warning: androidx.core.app.NotificationCompat$MessagingStyle$Message: can't find referenced class android.app.Person
Warning: androidx.core.app.NotificationCompatBuilder: can't find referenced method 'android.app.Notification$Action$Builder setSemanticAction(int)' in library class android.app.Notification$Action$Builder
Warning: androidx.core.app.Person: can't find referenced class android.app.Person
Warning: androidx.core.app.Person: can't find referenced class android.app.Person
Warning: androidx.core.app.Person: can't find referenced class android.app.Person
Warning: androidx.core.app.Person: can't find referenced class android.app.Person
Warning: androidx.core.app.Person: can't find referenced class android.app.Person
Warning: androidx.core.app.Person: can't find referenced class android.app.Person
Warning: androidx.core.app.Person: can't find referenced class android.app.Person$Builder
Warning: androidx.core.app.Person: can't find referenced class android.app.Person$Builder
Warning: androidx.core.app.Person: can't find referenced class android.app.Person$Builder
Warning: androidx.core.app.Person: can't find referenced class android.app.Person$Builder
Warning: androidx.core.app.Person: can't find referenced class android.app.Person$Builder
Warning: androidx.core.app.Person: can't find referenced class android.app.Person$Builder
Warning: androidx.core.app.Person: can't find referenced class android.app.Person$Builder
Warning: androidx.core.app.Person: can't find referenced class android.app.Person$Builder
Warning: androidx.core.app.Person: can't find referenced class android.app.Person$Builder
Warning: androidx.core.app.Person: can't find referenced class android.app.Person
Warning: androidx.core.app.Person: can't find referenced class android.app.Person$Builder
Warning: androidx.core.app.Person: can't find referenced class android.app.Person
Warning: androidx.core.app.Person: can't find referenced class android.app.Person
Warning: androidx.core.app.Person: can't find referenced class android.app.Person
Warning: androidx.core.app.Person: can't find referenced class android.app.Person
Warning: androidx.core.content.pm.PackageInfoCompat: can't find referenced method 'long getLongVersionCode()' in library class android.content.pm.PackageInfo
Warning: androidx.core.content.pm.PermissionInfoCompat: can't find referenced method 'int getProtection()' in library class android.content.pm.PermissionInfo
Warning: androidx.core.content.pm.PermissionInfoCompat: can't find referenced method 'int getProtectionFlags()' in library class android.content.pm.PermissionInfo
Warning: androidx.core.database.CursorWindowCompat: can't find referenced method 'CursorWindow(java.lang.String,long)' in library class android.database.CursorWindow
Warning: androidx.core.database.sqlite.SQLiteCursorCompat: can't find referenced method 'void setFillWindowForwardOnly(boolean)' in library class android.database.sqlite.SQLiteCursor
Warning: androidx.core.graphics.drawable.IconCompat: can't find referenced method 'int getType()' in library class android.graphics.drawable.Icon
Warning: androidx.core.graphics.drawable.IconCompat: can't find referenced method 'java.lang.String getResPackage()' in library class android.graphics.drawable.Icon
Warning: androidx.core.graphics.drawable.IconCompat: can't find referenced method 'int getResId()' in library class android.graphics.drawable.Icon
Warning: androidx.core.graphics.drawable.IconCompat: can't find referenced method 'android.net.Uri getUri()' in library class android.graphics.drawable.Icon
Warning: androidx.core.os.HandlerCompat: can't find referenced method 'boolean postDelayed(java.lang.Runnable,java.lang.Object,long)' in library class android.os.Handler
Warning: androidx.core.text.PrecomputedTextCompat: can't find referenced class android.text.PrecomputedText
Warning: androidx.core.text.PrecomputedTextCompat: can't find referenced class android.text.PrecomputedText
Warning: androidx.core.text.PrecomputedTextCompat: can't find referenced class android.text.PrecomputedText
Warning: androidx.core.text.PrecomputedTextCompat: can't find referenced class android.text.PrecomputedText
Warning: androidx.core.text.PrecomputedTextCompat: can't find referenced class android.text.PrecomputedText
Warning: androidx.core.text.PrecomputedTextCompat: can't find referenced class android.text.PrecomputedText
Warning: androidx.core.text.PrecomputedTextCompat: can't find referenced class android.text.PrecomputedText
Warning: androidx.core.text.PrecomputedTextCompat: can't find referenced class android.text.PrecomputedText
Warning: androidx.core.text.PrecomputedTextCompat: can't find referenced class android.text.PrecomputedText$Params
Warning: androidx.core.text.PrecomputedTextCompat: can't find referenced class android.text.PrecomputedText
Warning: androidx.core.text.PrecomputedTextCompat: can't find referenced class android.text.PrecomputedText
Warning: androidx.core.text.PrecomputedTextCompat: can't find referenced class android.text.PrecomputedText
Warning: androidx.core.text.PrecomputedTextCompat: can't find referenced class android.text.PrecomputedText
Warning: androidx.core.text.PrecomputedTextCompat$Params: can't find referenced class android.text.PrecomputedText$Params$Builder
Warning: androidx.core.text.PrecomputedTextCompat$Params: can't find referenced class android.text.PrecomputedText$Params$Builder
Warning: androidx.core.text.PrecomputedTextCompat$Params: can't find referenced class android.text.PrecomputedText$Params$Builder
Warning: androidx.core.text.PrecomputedTextCompat$Params: can't find referenced class android.text.PrecomputedText$Params$Builder
Warning: androidx.core.text.PrecomputedTextCompat$Params: can't find referenced class android.text.PrecomputedText$Params$Builder
Warning: androidx.core.text.PrecomputedTextCompat$Params: can't find referenced class android.text.PrecomputedText$Params$Builder
Warning: androidx.core.text.PrecomputedTextCompat$Params: can't find referenced class android.text.PrecomputedText$Params
Warning: androidx.core.text.PrecomputedTextCompat$Params: can't find referenced class android.text.PrecomputedText$Params
Warning: androidx.core.text.PrecomputedTextCompat$Params: can't find referenced class android.text.PrecomputedText$Params
Warning: androidx.core.text.PrecomputedTextCompat$Params: can't find referenced class android.text.PrecomputedText$Params
Warning: androidx.core.text.PrecomputedTextCompat$Params: can't find referenced class android.text.PrecomputedText$Params
Warning: androidx.core.text.PrecomputedTextCompat$Params: can't find referenced class android.text.PrecomputedText$Params
Warning: androidx.core.text.PrecomputedTextCompat$Params: can't find referenced class android.text.PrecomputedText
Warning: androidx.core.text.PrecomputedTextCompat$Params: can't find referenced class android.text.PrecomputedText$Params
Warning: androidx.core.text.PrecomputedTextCompat$Params: can't find referenced class android.text.PrecomputedText$Params
Warning: androidx.core.text.PrecomputedTextCompat$Params: can't find referenced class android.text.PrecomputedText$Params
Warning: androidx.core.view.DisplayCutoutCompat: can't find referenced class android.view.DisplayCutout
Warning: androidx.core.view.DisplayCutoutCompat: can't find referenced class android.view.DisplayCutout
Warning: androidx.core.view.DisplayCutoutCompat: can't find referenced class android.view.DisplayCutout
Warning: androidx.core.view.DisplayCutoutCompat: can't find referenced class android.view.DisplayCutout
Warning: androidx.core.view.DisplayCutoutCompat: can't find referenced class android.view.DisplayCutout
Warning: androidx.core.view.DisplayCutoutCompat: can't find referenced class android.view.DisplayCutout
Warning: androidx.core.view.DisplayCutoutCompat: can't find referenced class android.view.DisplayCutout
Warning: androidx.core.view.DisplayCutoutCompat: can't find referenced class android.view.DisplayCutout
Warning: androidx.core.view.MenuCompat: can't find referenced method 'void setGroupDividerEnabled(boolean)' in library class android.view.Menu
Warning: androidx.core.view.ViewCompat: can't find referenced class android.view.View$OnUnhandledKeyEventListener
Warning: androidx.core.view.ViewCompat: can't find referenced method 'android.view.View requireViewById(int)' in library class android.view.View
Warning: androidx.core.view.ViewCompat: can't find referenced method 'void addOnUnhandledKeyEventListener(android.view.View$OnUnhandledKeyEventListener)' in library class android.view.View
Warning: androidx.core.view.ViewCompat: can't find referenced method 'void removeOnUnhandledKeyEventListener(android.view.View$OnUnhandledKeyEventListener)' in library class android.view.View
Warning: androidx.core.view.ViewCompat: can't find referenced class android.view.View$OnUnhandledKeyEventListener
Warning: androidx.core.view.ViewCompat: can't find referenced class android.view.View$OnUnhandledKeyEventListener
Warning: androidx.core.view.ViewCompat: can't find referenced class android.view.View$OnUnhandledKeyEventListener
Warning: androidx.core.view.ViewCompat: can't find referenced class android.view.View$OnUnhandledKeyEventListener
Warning: androidx.core.view.ViewCompat$OnUnhandledKeyEventListenerWrapper: can't find referenced class android.view.View$OnUnhandledKeyEventListener
Warning: androidx.core.view.ViewConfigurationCompat: can't find referenced method 'int getScaledHoverSlop()' in library class android.view.ViewConfiguration
Warning: androidx.core.view.ViewConfigurationCompat: can't find referenced method 'boolean shouldShowMenuShortcutsWhenKeyboardPresent()' in library class android.view.ViewConfiguration
Warning: androidx.core.view.WindowCompat: can't find referenced method 'android.view.View requireViewById(int)' in library class android.view.Window
Warning: androidx.core.view.WindowInsetsCompat: can't find referenced method 'android.view.DisplayCutout getDisplayCutout()' in library class android.view.WindowInsets
Warning: androidx.core.view.WindowInsetsCompat: can't find referenced method 'android.view.WindowInsets consumeDisplayCutout()' in library class android.view.WindowInsets
Warning: androidx.core.view.accessibility.AccessibilityNodeInfoCompat: can't find referenced method 'java.lang.CharSequence getTooltipText()' in library class android.view.accessibility.AccessibilityNodeInfo
Warning: androidx.core.view.accessibility.AccessibilityNodeInfoCompat: can't find referenced method 'void setTooltipText(java.lang.CharSequence)' in library class android.view.accessibility.AccessibilityNodeInfo
Warning: androidx.core.view.accessibility.AccessibilityNodeInfoCompat: can't find referenced method 'void setPaneTitle(java.lang.CharSequence)' in library class android.view.accessibility.AccessibilityNodeInfo
Warning: androidx.core.view.accessibility.AccessibilityNodeInfoCompat: can't find referenced method 'java.lang.CharSequence getPaneTitle()' in library class android.view.accessibility.AccessibilityNodeInfo
Warning: androidx.core.view.accessibility.AccessibilityNodeInfoCompat: can't find referenced method 'boolean isScreenReaderFocusable()' in library class android.view.accessibility.AccessibilityNodeInfo
Warning: androidx.core.view.accessibility.AccessibilityNodeInfoCompat: can't find referenced method 'void setScreenReaderFocusable(boolean)' in library class android.view.accessibility.AccessibilityNodeInfo
Warning: androidx.core.view.accessibility.AccessibilityNodeInfoCompat: can't find referenced method 'boolean isHeading()' in library class android.view.accessibility.AccessibilityNodeInfo
Warning: androidx.core.view.accessibility.AccessibilityNodeInfoCompat: can't find referenced method 'void setHeading(boolean)' in library class android.view.accessibility.AccessibilityNodeInfo
Warning: androidx.core.view.accessibility.AccessibilityNodeInfoCompat$AccessibilityActionCompat: can't find referenced field 'android.view.accessibility.AccessibilityNodeInfo$AccessibilityAction ACTION_SHOW_TOOLTIP' in library class android.view.accessibility.AccessibilityNodeInfo$AccessibilityAction
Warning: androidx.core.view.accessibility.AccessibilityNodeInfoCompat$AccessibilityActionCompat: can't find referenced field 'android.view.accessibility.AccessibilityNodeInfo$AccessibilityAction ACTION_HIDE_TOOLTIP' in library class android.view.accessibility.AccessibilityNodeInfo$AccessibilityAction
Warning: androidx.core.widget.TextViewCompat: can't find referenced method 'void setFirstBaselineToTopHeight(int)' in library class android.widget.TextView
Warning: androidx.core.widget.TextViewCompat: can't find referenced method 'android.text.PrecomputedText$Params getTextMetricsParams()' in library class android.widget.TextView
Warning: androidx.core.widget.TextViewCompat: can't find referenced method 'java.lang.String[] getDigitStrings()' in library class android.icu.text.DecimalFormatSymbols
Warning: androidx.core.widget.TextViewCompat: can't find referenced class android.text.PrecomputedText$Params
Warning: androidx.core.widget.TextViewCompat: can't find referenced class android.text.PrecomputedText
Note: androidx.core.graphics.TypefaceCompatApi24Impl: can't find dynamically referenced class android.graphics.FontFamily
Note: androidx.core.graphics.TypefaceCompatApi26Impl: can't find dynamically referenced class android.graphics.FontFamily
Note: androidx.core.text.ICUCompat: can't find dynamically referenced class libcore.icu.ICU
Note: androidx.core.text.ICUCompat: can't find dynamically referenced class libcore.icu.ICU
Note: androidx.core.widget.TextViewCompat$OreoCallback: can't find dynamically referenced class com.android.internal.view.menu.MenuBuilder
Note: androidx.core.app.NotificationCompatJellybean accesses a declared field 'icon' dynamically
      Maybe this is program field 'androidx.core.R$id { int icon; }'
      Maybe this is program field 'androidx.core.app.NotificationCompat$Action { int icon; }'
      Maybe this is program field 'androidx.customview.R$id { int icon; }'
      Maybe this is program field 'androidx.drawerlayout.R$id { int icon; }'
      Maybe this is program field 'androidx.viewpager.R$id { int icon; }'
      Maybe this is program field 'com.termux.R$id { int icon; }'
      Maybe this is program field 'com.termux.view.R$id { int icon; }'
      Maybe this is library field 'android.R$attr { int icon; }'
      Maybe this is library field 'android.R$id { int icon; }'
      Maybe this is library field 'android.app.LauncherActivity$ListItem { android.graphics.drawable.Drawable icon; }'
      Maybe this is library field 'android.app.Notification { int icon; }'
      Maybe this is library field 'android.app.Notification$Action { int icon; }'
      Maybe this is library field 'android.appwidget.AppWidgetProviderInfo { int icon; }'
      Maybe this is library field 'android.content.pm.PackageItemInfo { int icon; }'
      Maybe this is library field 'android.content.pm.ResolveInfo { int icon; }'
      Maybe this is library field 'android.inputmethodservice.Keyboard$Key { android.graphics.drawable.Drawable icon; }'
      Maybe this is library field 'android.service.notification.Condition { int icon; }'
      Maybe this is library field 'android.speech.tts.TextToSpeech$EngineInfo { int icon; }'
Note: androidx.core.app.NotificationCompatJellybean accesses a declared field 'title' dynamically
      Maybe this is program field 'androidx.core.R$id { int title; }'
      Maybe this is program field 'androidx.core.app.NotificationCompat$Action { java.lang.CharSequence title; }'
      Maybe this is program field 'androidx.customview.R$id { int title; }'
      Maybe this is program field 'androidx.drawerlayout.R$id { int title; }'
      Maybe this is program field 'androidx.viewpager.R$id { int title; }'
      Maybe this is program field 'com.termux.R$id { int title; }'
      Maybe this is program field 'com.termux.view.R$id { int title; }'
      Maybe this is library field 'android.R$attr { int title; }'
      Maybe this is library field 'android.R$id { int title; }'
      Maybe this is library field 'android.app.Notification$Action { java.lang.CharSequence title; }'
      Maybe this is library field 'android.preference.PreferenceActivity$Header { java.lang.CharSequence title; }'
Note: androidx.core.app.NotificationCompatJellybean accesses a declared field 'actionIntent' dynamically
      Maybe this is program field 'androidx.core.app.NotificationCompat$Action { android.app.PendingIntent actionIntent; }'
      Maybe this is library field 'android.app.Notification$Action { android.app.PendingIntent actionIntent; }'
Note: androidx.core.app.NotificationManagerCompat accesses a declared field 'OP_POST_NOTIFICATION' dynamically
      Maybe this is program field 'androidx.core.app.NotificationManagerCompat { java.lang.String OP_POST_NOTIFICATION; }'
Note: com.termux.app.BackgroundJob accesses a declared field 'pid' dynamically
      Maybe this is library field 'android.app.ActivityManager$ProcessErrorStateInfo { int pid; }'
      Maybe this is library field 'android.app.ActivityManager$RunningAppProcessInfo { int pid; }'
      Maybe this is library field 'android.app.ActivityManager$RunningServiceInfo { int pid; }'
Note: com.termux.terminal.TerminalSession accesses a declared field 'descriptor' dynamically
Note: com.termux.terminal.TerminalSession accesses a declared field 'fd' dynamically
      Maybe this is library field 'android.system.StructPollfd { java.io.FileDescriptor fd; }'
      Maybe this is library field 'java.net.DatagramSocketImpl { java.io.FileDescriptor fd; }'
      Maybe this is library field 'java.net.SocketImpl { java.io.FileDescriptor fd; }'
Note: the configuration keeps the entry point 'android.support.v4.graphics.drawable.IconCompatParcelizer { androidx.core.graphics.drawable.IconCompat read(androidx.versionedparcelable.VersionedParcel); }', but not the descriptor class 'androidx.versionedparcelable.VersionedParcel'
Note: the configuration keeps the entry point 'android.support.v4.graphics.drawable.IconCompatParcelizer { void write(androidx.core.graphics.drawable.IconCompat,androidx.versionedparcelable.VersionedParcel); }', but not the descriptor class 'androidx.versionedparcelable.VersionedParcel'
Note: the configuration keeps the entry point 'androidx.core.graphics.drawable.IconCompatParcelizer { androidx.core.graphics.drawable.IconCompat read(androidx.versionedparcelable.VersionedParcel); }', but not the descriptor class 'androidx.versionedparcelable.VersionedParcel'
Note: the configuration keeps the entry point 'androidx.core.graphics.drawable.IconCompatParcelizer { void write(androidx.core.graphics.drawable.IconCompat,androidx.versionedparcelable.VersionedParcel); }', but not the descriptor class 'androidx.versionedparcelable.VersionedParcel'
Note: the configuration keeps the entry point 'androidx.core.widget.NestedScrollView { void setOnScrollChangeListener(androidx.core.widget.NestedScrollView$OnScrollChangeListener); }', but not the descriptor class 'androidx.core.widget.NestedScrollView$OnScrollChangeListener'
Note: the configuration keeps the entry point 'androidx.drawerlayout.widget.DrawerLayout { void setDrawerListener(androidx.drawerlayout.widget.DrawerLayout$DrawerListener); }', but not the descriptor class 'androidx.drawerlayout.widget.DrawerLayout$DrawerListener'
Note: the configuration keeps the entry point 'androidx.viewpager.widget.ViewPager { void setAdapter(androidx.viewpager.widget.PagerAdapter); }', but not the descriptor class 'androidx.viewpager.widget.PagerAdapter'
Note: the configuration keeps the entry point 'androidx.viewpager.widget.ViewPager { void setOnPageChangeListener(androidx.viewpager.widget.ViewPager$OnPageChangeListener); }', but not the descriptor class 'androidx.viewpager.widget.ViewPager$OnPageChangeListener'
Note: the configuration keeps the entry point 'com.termux.view.TerminalView { void setOnKeyListener(com.termux.view.TerminalViewClient); }', but not the descriptor class 'com.termux.view.TerminalViewClient'
Note: there were 7 references to unknown classes.
      You should check your configuration for typos.
      (http://proguard.sourceforge.net/manual/troubleshooting.html#unknownclass)
Note: there were 1 classes trying to access generic signatures using reflection.
      You should consider keeping the signature attributes
      (using '-keepattributes Signature').
      (http://proguard.sourceforge.net/manual/troubleshooting.html#attributes)
Note: there were 9 unkept descriptor classes in kept class members.
      You should consider explicitly keeping the mentioned classes
      (using '-keep').
      (http://proguard.sourceforge.net/manual/troubleshooting.html#descriptorclass)
Note: there were 5 unresolved dynamic references to classes or interfaces.
      You should check if you need to specify additional program jars.
      (http://proguard.sourceforge.net/manual/troubleshooting.html#dynamicalclass)
Note: there were 7 accesses to class members by means of introspection.
      You should consider explicitly keeping the mentioned class members
      (using '-keep' or '-keepclassmembers').
      (http://proguard.sourceforge.net/manual/troubleshooting.html#dynamicalclassmember)
Warning: there were 80 unresolved references to classes or interfaces.
         You may need to add missing library jars or update their versions.
         If your code works fine without the missing classes, you can suppress
         the warnings with '-dontwarn' options.
         (http://proguard.sourceforge.net/manual/troubleshooting.html#unresolvedclass)
Warning: there were 38 unresolved references to library class members.
         You probably need to update the library versions.
         (http://proguard.sourceforge.net/manual/troubleshooting.html#unresolvedlibraryclassmember)
